Determining if the pthread_create exist failed with the following output:
Change Dir: /home/adam/Robotic-Treasure-Hunt-master/build/CMakeFiles/CMakeTmp

Run Build Command:"/usr/bin/make" "cmTC_0a3dd/fast"
/usr/bin/make -f CMakeFiles/cmTC_0a3dd.dir/build.make CMakeFiles/cmTC_0a3dd.dir/build
make[1]: Entering directory '/home/adam/Robotic-Treasure-Hunt-master/build/CMakeFiles/CMakeTmp'
Building C object CMakeFiles/cmTC_0a3dd.dir/CheckSymbolExists.c.o
/usr/bin/cc     -o CMakeFiles/cmTC_0a3dd.dir/CheckSymbolExists.c.o   -c /home/adam/Robotic-Treasure-Hunt-master/build/CMakeFiles/CMakeTmp/CheckSymbolExists.c
Linking C executable cmTC_0a3dd
/usr/bin/cmake -E cmake_link_script CMakeFiles/cmTC_0a3dd.dir/link.txt --verbose=1
/usr/bin/cc       CMakeFiles/cmTC_0a3dd.dir/CheckSymbolExists.c.o  -o cmTC_0a3dd -rdynamic 
CMakeFiles/cmTC_0a3dd.dir/CheckSymbolExists.c.o: In function `main':
CheckSymbolExists.c:(.text+0x16): undefined reference to `pthread_create'
collect2: error: ld returned 1 exit status
CMakeFiles/cmTC_0a3dd.dir/build.make:97: recipe for target 'cmTC_0a3dd' failed
make[1]: *** [cmTC_0a3dd] Error 1
make[1]: Leaving directory '/home/adam/Robotic-Treasure-Hunt-master/build/CMakeFiles/CMakeTmp'
Makefile:126: recipe for target 'cmTC_0a3dd/fast' failed
make: *** [cmTC_0a3dd/fast] Error 2

File /home/adam/Robotic-Treasure-Hunt-master/build/CMakeFiles/CMakeTmp/CheckSymbolExists.c:
/* */
#include <pthread.h>

int main(int argc, char** argv)
{
  (void)argv;
#ifndef pthread_create
  return ((int*)(&pthread_create))[argc];
#else
  (void)argc;
  return 0;
#endif
}

Determining if the function pthread_create exists in the pthreads failed with the following output:
Change Dir: /home/adam/Robotic-Treasure-Hunt-master/build/CMakeFiles/CMakeTmp

Run Build Command:"/usr/bin/make" "cmTC_44fd6/fast"
/usr/bin/make -f CMakeFiles/cmTC_44fd6.dir/build.make CMakeFiles/cmTC_44fd6.dir/build
make[1]: Entering directory '/home/adam/Robotic-Treasure-Hunt-master/build/CMakeFiles/CMakeTmp'
Building C object CMakeFiles/cmTC_44fd6.dir/CheckFunctionExists.c.o
/usr/bin/cc    -DCHECK_FUNCTION_EXISTS=pthread_create   -o CMakeFiles/cmTC_44fd6.dir/CheckFunctionExists.c.o   -c /usr/share/cmake-3.5/Modules/CheckFunctionExists.c
Linking C executable cmTC_44fd6
/usr/bin/cmake -E cmake_link_script CMakeFiles/cmTC_44fd6.dir/link.txt --verbose=1
/usr/bin/cc   -DCHECK_FUNCTION_EXISTS=pthread_create    CMakeFiles/cmTC_44fd6.dir/CheckFunctionExists.c.o  -o cmTC_44fd6 -rdynamic -lpthreads 
/usr/bin/ld: cannot find -lpthreads
collect2: error: ld returned 1 exit status
CMakeFiles/cmTC_44fd6.dir/build.make:97: recipe for target 'cmTC_44fd6' failed
make[1]: *** [cmTC_44fd6] Error 1
make[1]: Leaving directory '/home/adam/Robotic-Treasure-Hunt-master/build/CMakeFiles/CMakeTmp'
Makefile:126: recipe for target 'cmTC_44fd6/fast' failed
make: *** [cmTC_44fd6/fast] Error 2


